<?xml version="1.0" encoding="UTF-8"?>
<!-- Generated by org.testng.reporters.JUnitReportReporter -->
<testsuite hostname="PratikshaLenovo" failures="0" tests="1" name="pagesTest.AddCustomrTest" time="23.585" errors="0" timestamp="2024-09-20T23:02:33 IST" skipped="0">
  <testcase classname="pagesTest.AddCustomrTest" name="addCustomer" time="23.585"/>
</testsuite> <!-- pagesTest.AddCustomrTest -->
